2016-04-25 21:15:03,127 INFO org.apache.hadoop.hdfs.server.namenode.NameNode: STARTUP_MSG: 
/************************************************************
STARTUP_MSG: Starting NameNode
STARTUP_MSG:   host = alexandrea-ThinkPad-X240/127.0.1.1
STARTUP_MSG:   args = []
STARTUP_MSG:   version = 2.7.1
STARTUP_MSG:   classpath = /home/hadoop/hadoop_installs/etc/hadoop:/home/hadoop/hadoop_installs/share/hadoop/common/lib/jersey-core-1.9.jar:/home/hadoop/hadoop_installs/share/hadoop/common/lib/gson-2.2.4.jar:/home/hadoop/hadoop_installs/share/hadoop/common/lib/guava-11.0.2.jar:/home/hadoop/hadoop_installs/share/hadoop/common/lib/htrace-core-3.1.0-incubating.jar:/home/hadoop/hadoop_installs/share/hadoop/common/lib/curator-recipes-2.7.1.jar:/home/hadoop/hadoop_installs/share/hadoop/common/lib/httpclient-4.2.5.jar:/home/hadoop/hadoop_installs/share/hadoop/common/lib/xz-1.0.jar:/home/hadoop/hadoop_installs/share/hadoop/common/lib/jackson-mapper-asl-1.9.13.jar:/home/hadoop/hadoop_installs/share/hadoop/common/lib/curator-client-2.7.1.jar:/home/hadoop/hadoop_installs/share/hadoop/common/lib/java-xmlbuilder-0.4.jar:/home/hadoop/hadoop_installs/share/hadoop/common/lib/protobuf-java-2.5.0.jar:/home/hadoop/hadoop_installs/share/hadoop/common/lib/commons-beanutils-core-1.8.0.jar:/home/hadoop/hadoop_installs/share/hadoop/common/lib/snappy-java-1.0.4.1.jar:/home/hadoop/hadoop_installs/share/hadoop/common/lib/jackson-jaxrs-1.9.13.jar:/home/hadoop/hadoop_installs/share/hadoop/common/lib/slf4j-log4j12-1.7.10.jar:/home/hadoop/hadoop_installs/share/hadoop/common/lib/jettison-1.1.jar:/home/hadoop/hadoop_installs/share/hadoop/common/lib/api-util-1.0.0-M20.jar:/home/hadoop/hadoop_installs/share/hadoop/common/lib/xmlenc-0.52.jar:/home/hadoop/hadoop_installs/share/hadoop/common/lib/slf4j-api-1.7.10.jar:/home/hadoop/hadoop_installs/share/hadoop/common/lib/mockito-all-1.8.5.jar:/home/hadoop/hadoop_installs/share/hadoop/common/lib/commons-cli-1.2.jar:/home/hadoop/hadoop_installs/share/hadoop/common/lib/commons-beanutils-1.7.0.jar:/home/hadoop/hadoop_installs/share/hadoop/common/lib/jackson-core-asl-1.9.13.jar:/home/hadoop/hadoop_installs/share/hadoop/common/lib/log4j-1.2.17.jar:/home/hadoop/hadoop_installs/share/hadoop/common/lib/jersey-json-1.9.jar:/home/hadoop/hadoop_installs/share/hadoop/common/lib/api-asn1-api-1.0.0-M20.jar:/home/hadoop/hadoop_installs/share/hadoop/common/lib/jackson-xc-1.9.13.jar:/home/hadoop/hadoop_installs/share/hadoop/common/lib/jets3t-0.9.0.jar:/home/hadoop/hadoop_installs/share/hadoop/common/lib/commons-httpclient-3.1.jar:/home/hadoop/hadoop_installs/share/hadoop/common/lib/jaxb-api-2.2.2.jar:/home/hadoop/hadoop_installs/share/hadoop/common/lib/paranamer-2.3.jar:/home/hadoop/hadoop_installs/share/hadoop/common/lib/curator-framework-2.7.1.jar:/home/hadoop/hadoop_installs/share/hadoop/common/lib/apacheds-i18n-2.0.0-M15.jar:/home/hadoop/hadoop_installs/share/hadoop/common/lib/jersey-server-1.9.jar:/home/hadoop/hadoop_installs/share/hadoop/common/lib/commons-compress-1.4.1.jar:/home/hadoop/hadoop_installs/share/hadoop/common/lib/commons-math3-3.1.1.jar:/home/hadoop/hadoop_installs/share/hadoop/common/lib/hadoop-annotations-2.7.1.jar:/home/hadoop/hadoop_installs/share/hadoop/common/lib/jsr305-3.0.0.jar:/home/hadoop/hadoop_installs/share/hadoop/common/lib/netty-3.6.2.Final.jar:/home/hadoop/hadoop_installs/share/hadoop/common/lib/stax-api-1.0-2.jar:/home/hadoop/hadoop_installs/share/hadoop/common/lib/jaxb-impl-2.2.3-1.jar:/home/hadoop/hadoop_installs/share/hadoop/common/lib/commons-configuration-1.6.jar:/home/hadoop/hadoop_installs/share/hadoop/common/lib/jetty-6.1.26.jar:/home/hadoop/hadoop_installs/share/hadoop/common/lib/hadoop-auth-2.7.1.jar:/home/hadoop/hadoop_installs/share/hadoop/common/lib/zookeeper-3.4.6.jar:/home/hadoop/hadoop_installs/share/hadoop/common/lib/commons-io-2.4.jar:/home/hadoop/hadoop_installs/share/hadoop/common/lib/commons-digester-1.8.jar:/home/hadoop/hadoop_installs/share/hadoop/common/lib/commons-net-3.1.jar:/home/hadoop/hadoop_installs/share/hadoop/common/lib/apacheds-kerberos-codec-2.0.0-M15.jar:/home/hadoop/hadoop_installs/share/hadoop/common/lib/junit-4.11.jar:/home/hadoop/hadoop_installs/share/hadoop/common/lib/hamcrest-core-1.3.jar:/home/hadoop/hadoop_installs/share/hadoop/common/lib/commons-lang-2.6.jar:/home/hadoop/hadoop_installs/share/hadoop/common/lib/jetty-util-6.1.26.jar:/home/hadoop/hadoop_installs/share/hadoop/common/lib/httpcore-4.2.5.jar:/home/hadoop/hadoop_installs/share/hadoop/common/lib/avro-1.7.4.jar:/home/hadoop/hadoop_installs/share/hadoop/common/lib/jsch-0.1.42.jar:/home/hadoop/hadoop_installs/share/hadoop/common/lib/jsp-api-2.1.jar:/home/hadoop/hadoop_installs/share/hadoop/common/lib/commons-collections-3.2.1.jar:/home/hadoop/hadoop_installs/share/hadoop/common/lib/commons-codec-1.4.jar:/home/hadoop/hadoop_installs/share/hadoop/common/lib/servlet-api-2.5.jar:/home/hadoop/hadoop_installs/share/hadoop/common/lib/commons-logging-1.1.3.jar:/home/hadoop/hadoop_installs/share/hadoop/common/lib/activation-1.1.jar:/home/hadoop/hadoop_installs/share/hadoop/common/lib/asm-3.2.jar:/home/hadoop/hadoop_installs/share/hadoop/common/hadoop-nfs-2.7.1.jar:/home/hadoop/hadoop_installs/share/hadoop/common/hadoop-common-2.7.1-tests.jar:/home/hadoop/hadoop_installs/share/hadoop/common/hadoop-common-2.7.1.jar:/home/hadoop/hadoop_installs/share/hadoop/hdfs:/home/hadoop/hadoop_installs/share/hadoop/hdfs/lib/jersey-core-1.9.jar:/home/hadoop/hadoop_installs/share/hadoop/hdfs/lib/guava-11.0.2.jar:/home/hadoop/hadoop_installs/share/hadoop/hdfs/lib/htrace-core-3.1.0-incubating.jar:/home/hadoop/hadoop_installs/share/hadoop/hdfs/lib/jackson-mapper-asl-1.9.13.jar:/home/hadoop/hadoop_installs/share/hadoop/hdfs/lib/protobuf-java-2.5.0.jar:/home/hadoop/hadoop_installs/share/hadoop/hdfs/lib/xml-apis-1.3.04.jar:/home/hadoop/hadoop_installs/share/hadoop/hdfs/lib/netty-all-4.0.23.Final.jar:/home/hadoop/hadoop_installs/share/hadoop/hdfs/lib/xmlenc-0.52.jar:/home/hadoop/hadoop_installs/share/hadoop/hdfs/lib/commons-cli-1.2.jar:/home/hadoop/hadoop_installs/share/hadoop/hdfs/lib/xercesImpl-2.9.1.jar:/home/hadoop/hadoop_installs/share/hadoop/hdfs/lib/jackson-core-asl-1.9.13.jar:/home/hadoop/hadoop_installs/share/hadoop/hdfs/lib/log4j-1.2.17.jar:/home/hadoop/hadoop_installs/share/hadoop/hdfs/lib/jersey-server-1.9.jar:/home/hadoop/hadoop_installs/share/hadoop/hdfs/lib/jsr305-3.0.0.jar:/home/hadoop/hadoop_installs/share/hadoop/hdfs/lib/netty-3.6.2.Final.jar:/home/hadoop/hadoop_installs/share/hadoop/hdfs/lib/jetty-6.1.26.jar:/home/hadoop/hadoop_installs/share/hadoop/hdfs/lib/leveldbjni-all-1.8.jar:/home/hadoop/hadoop_installs/share/hadoop/hdfs/lib/commons-io-2.4.jar:/home/hadoop/hadoop_installs/share/hadoop/hdfs/lib/commons-daemon-1.0.13.jar:/home/hadoop/hadoop_installs/share/hadoop/hdfs/lib/commons-lang-2.6.jar:/home/hadoop/hadoop_installs/share/hadoop/hdfs/lib/jetty-util-6.1.26.jar:/home/hadoop/hadoop_installs/share/hadoop/hdfs/lib/commons-codec-1.4.jar:/home/hadoop/hadoop_installs/share/hadoop/hdfs/lib/servlet-api-2.5.jar:/home/hadoop/hadoop_installs/share/hadoop/hdfs/lib/commons-logging-1.1.3.jar:/home/hadoop/hadoop_installs/share/hadoop/hdfs/lib/asm-3.2.jar:/home/hadoop/hadoop_installs/share/hadoop/hdfs/hadoop-hdfs-2.7.1.jar:/home/hadoop/hadoop_installs/share/hadoop/hdfs/hadoop-hdfs-nfs-2.7.1.jar:/home/hadoop/hadoop_installs/share/hadoop/hdfs/hadoop-hdfs-2.7.1-tests.jar:/home/hadoop/hadoop_installs/share/hadoop/yarn/lib/jersey-core-1.9.jar:/home/hadoop/hadoop_installs/share/hadoop/yarn/lib/guava-11.0.2.jar:/home/hadoop/hadoop_installs/share/hadoop/yarn/lib/xz-1.0.jar:/home/hadoop/hadoop_installs/share/hadoop/yarn/lib/zookeeper-3.4.6-tests.jar:/home/hadoop/hadoop_installs/share/hadoop/yarn/lib/jackson-mapper-asl-1.9.13.jar:/home/hadoop/hadoop_installs/share/hadoop/yarn/lib/protobuf-java-2.5.0.jar:/home/hadoop/hadoop_installs/share/hadoop/yarn/lib/guice-3.0.jar:/home/hadoop/hadoop_installs/share/hadoop/yarn/lib/jackson-jaxrs-1.9.13.jar:/home/hadoop/hadoop_installs/share/hadoop/yarn/lib/jettison-1.1.jar:/home/hadoop/hadoop_installs/share/hadoop/yarn/lib/guice-servlet-3.0.jar:/home/hadoop/hadoop_installs/share/hadoop/yarn/lib/javax.inject-1.jar:/home/hadoop/hadoop_installs/share/hadoop/yarn/lib/commons-cli-1.2.jar:/home/hadoop/hadoop_installs/share/hadoop/yarn/lib/jackson-core-asl-1.9.13.jar:/home/hadoop/hadoop_installs/share/hadoop/yarn/lib/log4j-1.2.17.jar:/home/hadoop/hadoop_installs/share/hadoop/yarn/lib/jersey-json-1.9.jar:/home/hadoop/hadoop_installs/share/hadoop/yarn/lib/jackson-xc-1.9.13.jar:/home/hadoop/hadoop_installs/share/hadoop/yarn/lib/jaxb-api-2.2.2.jar:/home/hadoop/hadoop_installs/share/hadoop/yarn/lib/aopalliance-1.0.jar:/home/hadoop/hadoop_installs/share/hadoop/yarn/lib/jersey-server-1.9.jar:/home/hadoop/hadoop_installs/share/hadoop/yarn/lib/commons-compress-1.4.1.jar:/home/hadoop/hadoop_installs/share/hadoop/yarn/lib/jsr305-3.0.0.jar:/home/hadoop/hadoop_installs/share/hadoop/yarn/lib/netty-3.6.2.Final.jar:/home/hadoop/hadoop_installs/share/hadoop/yarn/lib/stax-api-1.0-2.jar:/home/hadoop/hadoop_installs/share/hadoop/yarn/lib/jaxb-impl-2.2.3-1.jar:/home/hadoop/hadoop_installs/share/hadoop/yarn/lib/jetty-6.1.26.jar:/home/hadoop/hadoop_installs/share/hadoop/yarn/lib/leveldbjni-all-1.8.jar:/home/hadoop/hadoop_installs/share/hadoop/yarn/lib/jersey-guice-1.9.jar:/home/hadoop/hadoop_installs/share/hadoop/yarn/lib/zookeeper-3.4.6.jar:/home/hadoop/hadoop_installs/share/hadoop/yarn/lib/commons-io-2.4.jar:/home/hadoop/hadoop_installs/share/hadoop/yarn/lib/commons-lang-2.6.jar:/home/hadoop/hadoop_installs/share/hadoop/yarn/lib/jetty-util-6.1.26.jar:/home/hadoop/hadoop_installs/share/hadoop/yarn/lib/commons-collections-3.2.1.jar:/home/hadoop/hadoop_installs/share/hadoop/yarn/lib/jersey-client-1.9.jar:/home/hadoop/hadoop_installs/share/hadoop/yarn/lib/commons-codec-1.4.jar:/home/hadoop/hadoop_installs/share/hadoop/yarn/lib/servlet-api-2.5.jar:/home/hadoop/hadoop_installs/share/hadoop/yarn/lib/commons-logging-1.1.3.jar:/home/hadoop/hadoop_installs/share/hadoop/yarn/lib/activation-1.1.jar:/home/hadoop/hadoop_installs/share/hadoop/yarn/lib/asm-3.2.jar:/home/hadoop/hadoop_installs/share/hadoop/yarn/hadoop-yarn-server-applicationhistoryservice-2.7.1.jar:/home/hadoop/hadoop_installs/share/hadoop/yarn/hadoop-yarn-server-sharedcachemanager-2.7.1.jar:/home/hadoop/hadoop_installs/share/hadoop/yarn/hadoop-yarn-registry-2.7.1.jar:/home/hadoop/hadoop_installs/share/hadoop/yarn/hadoop-yarn-server-resourcemanager-2.7.1.jar:/home/hadoop/hadoop_installs/share/hadoop/yarn/hadoop-yarn-server-tests-2.7.1.jar:/home/hadoop/hadoop_installs/share/hadoop/yarn/hadoop-yarn-applications-unmanaged-am-launcher-2.7.1.jar:/home/hadoop/hadoop_installs/share/hadoop/yarn/hadoop-yarn-common-2.7.1.jar:/home/hadoop/hadoop_installs/share/hadoop/yarn/hadoop-yarn-server-nodemanager-2.7.1.jar:/home/hadoop/hadoop_installs/share/hadoop/yarn/hadoop-yarn-server-common-2.7.1.jar:/home/hadoop/hadoop_installs/share/hadoop/yarn/hadoop-yarn-server-web-proxy-2.7.1.jar:/home/hadoop/hadoop_installs/share/hadoop/yarn/hadoop-yarn-applications-distributedshell-2.7.1.jar:/home/hadoop/hadoop_installs/share/hadoop/yarn/hadoop-yarn-api-2.7.1.jar:/home/hadoop/hadoop_installs/share/hadoop/yarn/hadoop-yarn-client-2.7.1.jar:/home/hadoop/hadoop_installs/share/hadoop/mapreduce/lib/jersey-core-1.9.jar:/home/hadoop/hadoop_installs/share/hadoop/mapreduce/lib/xz-1.0.jar:/home/hadoop/hadoop_installs/share/hadoop/mapreduce/lib/jackson-mapper-asl-1.9.13.jar:/home/hadoop/hadoop_installs/share/hadoop/mapreduce/lib/protobuf-java-2.5.0.jar:/home/hadoop/hadoop_installs/share/hadoop/mapreduce/lib/guice-3.0.jar:/home/hadoop/hadoop_installs/share/hadoop/mapreduce/lib/snappy-java-1.0.4.1.jar:/home/hadoop/hadoop_installs/share/hadoop/mapreduce/lib/guice-servlet-3.0.jar:/home/hadoop/hadoop_installs/share/hadoop/mapreduce/lib/javax.inject-1.jar:/home/hadoop/hadoop_installs/share/hadoop/mapreduce/lib/jackson-core-asl-1.9.13.jar:/home/hadoop/hadoop_installs/share/hadoop/mapreduce/lib/log4j-1.2.17.jar:/home/hadoop/hadoop_installs/share/hadoop/mapreduce/lib/paranamer-2.3.jar:/home/hadoop/hadoop_installs/share/hadoop/mapreduce/lib/aopalliance-1.0.jar:/home/hadoop/hadoop_installs/share/hadoop/mapreduce/lib/jersey-server-1.9.jar:/home/hadoop/hadoop_installs/share/hadoop/mapreduce/lib/commons-compress-1.4.1.jar:/home/hadoop/hadoop_installs/share/hadoop/mapreduce/lib/hadoop-annotations-2.7.1.jar:/home/hadoop/hadoop_installs/share/hadoop/mapreduce/lib/netty-3.6.2.Final.jar:/home/hadoop/hadoop_installs/share/hadoop/mapreduce/lib/leveldbjni-all-1.8.jar:/home/hadoop/hadoop_installs/share/hadoop/mapreduce/lib/jersey-guice-1.9.jar:/home/hadoop/hadoop_installs/share/hadoop/mapreduce/lib/commons-io-2.4.jar:/home/hadoop/hadoop_installs/share/hadoop/mapreduce/lib/junit-4.11.jar:/home/hadoop/hadoop_installs/share/hadoop/mapreduce/lib/hamcrest-core-1.3.jar:/home/hadoop/hadoop_installs/share/hadoop/mapreduce/lib/avro-1.7.4.jar:/home/hadoop/hadoop_installs/share/hadoop/mapreduce/lib/asm-3.2.jar:/home/hadoop/hadoop_installs/share/hadoop/mapreduce/hadoop-mapreduce-client-core-2.7.1.jar:/home/hadoop/hadoop_installs/share/hadoop/mapreduce/hadoop-mapreduce-client-jobclient-2.7.1-tests.jar:/home/hadoop/hadoop_installs/share/hadoop/mapreduce/hadoop-mapreduce-client-app-2.7.1.jar:/home/hadoop/hadoop_installs/share/hadoop/mapreduce/hadoop-mapreduce-client-shuffle-2.7.1.jar:/home/hadoop/hadoop_installs/share/hadoop/mapreduce/hadoop-mapreduce-client-jobclient-2.7.1.jar:/home/hadoop/hadoop_installs/share/hadoop/mapreduce/hadoop-mapreduce-client-common-2.7.1.jar:/home/hadoop/hadoop_installs/share/hadoop/mapreduce/hadoop-mapreduce-client-hs-2.7.1.jar:/home/hadoop/hadoop_installs/share/hadoop/mapreduce/hadoop-mapreduce-examples-2.7.1.jar:/home/hadoop/hadoop_installs/share/hadoop/mapreduce/hadoop-mapreduce-client-hs-plugins-2.7.1.jar:/contrib/capacity-scheduler/*.jar:/home/hadoop/hadoop_installs/contrib/capacity-scheduler/*.jar:/home/hadoop/hadoop_installs/contrib/capacity-scheduler/*.jar
STARTUP_MSG:   build = https://git-wip-us.apache.org/repos/asf/hadoop.git -r 15ecc87ccf4a0228f35af08fc56de536e6ce657a; compiled by 'jenkins' on 2015-06-29T06:04Z
STARTUP_MSG:   java = 1.7.0_95
************************************************************/
2016-04-25 21:15:03,137 INFO org.apache.hadoop.hdfs.server.namenode.NameNode: registered UNIX signal handlers for [TERM, HUP, INT]
2016-04-25 21:15:03,146 INFO org.apache.hadoop.hdfs.server.namenode.NameNode: createNameNode []
2016-04-25 21:15:03,587 INFO org.apache.hadoop.metrics2.impl.MetricsConfig: loaded properties from hadoop-metrics2.properties
2016-04-25 21:15:03,732 INFO org.apache.hadoop.metrics2.impl.MetricsSystemImpl: Scheduled snapshot period at 10 second(s).
2016-04-25 21:15:03,733 INFO org.apache.hadoop.metrics2.impl.MetricsSystemImpl: NameNode metrics system started
2016-04-25 21:15:03,736 INFO org.apache.hadoop.hdfs.server.namenode.NameNode: fs.defaultFS is hdfs://localhost:9000
2016-04-25 21:15:03,737 INFO org.apache.hadoop.hdfs.server.namenode.NameNode: Clients are to use localhost:9000 to access this namenode/service.
2016-04-25 21:15:04,128 INFO org.apache.hadoop.hdfs.DFSUtil: Starting Web-server for hdfs at: http://0.0.0.0:50070
2016-04-25 21:15:04,239 INFO org.mortbay.log: Logging to org.slf4j.impl.Log4jLoggerAdapter(org.mortbay.log) via org.mortbay.log.Slf4jLog
2016-04-25 21:15:04,256 INFO org.apache.hadoop.security.authentication.server.AuthenticationFilter: Unable to initialize FileSignerSecretProvider, falling back to use random secrets.
2016-04-25 21:15:04,267 INFO org.apache.hadoop.http.HttpRequestLog: Http request log for http.requests.namenode is not defined
2016-04-25 21:15:04,279 INFO org.apache.hadoop.http.HttpServer2: Added global filter 'safety' (class=org.apache.hadoop.http.HttpServer2$QuotingInputFilter)
2016-04-25 21:15:04,286 INFO org.apache.hadoop.http.HttpServer2: Added filter static_user_filter (class=org.apache.hadoop.http.lib.StaticUserWebFilter$StaticUserFilter) to context hdfs
2016-04-25 21:15:04,286 INFO org.apache.hadoop.http.HttpServer2: Added filter static_user_filter (class=org.apache.hadoop.http.lib.StaticUserWebFilter$StaticUserFilter) to context static
2016-04-25 21:15:04,287 INFO org.apache.hadoop.http.HttpServer2: Added filter static_user_filter (class=org.apache.hadoop.http.lib.StaticUserWebFilter$StaticUserFilter) to context logs
2016-04-25 21:15:04,328 INFO org.apache.hadoop.http.HttpServer2: Added filter 'org.apache.hadoop.hdfs.web.AuthFilter' (class=org.apache.hadoop.hdfs.web.AuthFilter)
2016-04-25 21:15:04,331 INFO org.apache.hadoop.http.HttpServer2: addJerseyResourcePackage: packageName=org.apache.hadoop.hdfs.server.namenode.web.resources;org.apache.hadoop.hdfs.web.resources, pathSpec=/webhdfs/v1/*
2016-04-25 21:15:04,381 INFO org.apache.hadoop.http.HttpServer2: Jetty bound to port 50070
2016-04-25 21:15:04,381 INFO org.mortbay.log: jetty-6.1.26
2016-04-25 21:15:04,689 INFO org.mortbay.log: Started HttpServer2$SelectChannelConnectorWithSafeStartup@0.0.0.0:50070
2016-04-25 21:15:04,738 WARN org.apache.hadoop.hdfs.server.namenode.FSNamesystem: Only one image storage directory (dfs.namenode.name.dir) configured. Beware of data loss due to lack of redundant storage directories!
2016-04-25 21:15:04,738 WARN org.apache.hadoop.hdfs.server.namenode.FSNamesystem: Only one namespace edits storage directory (dfs.namenode.edits.dir) configured. Beware of data loss due to lack of redundant storage directories!
2016-04-25 21:15:04,787 INFO org.apache.hadoop.hdfs.server.namenode.FSNamesystem: No KeyProvider found.
2016-04-25 21:15:04,787 INFO org.apache.hadoop.hdfs.server.namenode.FSNamesystem: fsLock is fair:true
2016-04-25 21:15:04,834 INFO org.apache.hadoop.hdfs.server.blockmanagement.DatanodeManager: dfs.block.invalidate.limit=1000
2016-04-25 21:15:04,834 INFO org.apache.hadoop.hdfs.server.blockmanagement.DatanodeManager: dfs.namenode.datanode.registration.ip-hostname-check=true
2016-04-25 21:15:04,835 INFO org.apache.hadoop.hdfs.server.blockmanagement.BlockManager: dfs.namenode.startup.delay.block.deletion.sec is set to 000:00:00:00.000
2016-04-25 21:15:04,837 INFO org.apache.hadoop.hdfs.server.blockmanagement.BlockManager: The block deletion will start around 2016 四月 25 21:15:04
2016-04-25 21:15:04,839 INFO org.apache.hadoop.util.GSet: Computing capacity for map BlocksMap
2016-04-25 21:15:04,839 INFO org.apache.hadoop.util.GSet: VM type       = 64-bit
2016-04-25 21:15:04,841 INFO org.apache.hadoop.util.GSet: 2.0% max memory 889 MB = 17.8 MB
2016-04-25 21:15:04,841 INFO org.apache.hadoop.util.GSet: capacity      = 2^21 = 2097152 entries
2016-04-25 21:15:04,849 INFO org.apache.hadoop.hdfs.server.blockmanagement.BlockManager: dfs.block.access.token.enable=false
2016-04-25 21:15:04,849 INFO org.apache.hadoop.hdfs.server.blockmanagement.BlockManager: defaultReplication         = 1
2016-04-25 21:15:04,849 INFO org.apache.hadoop.hdfs.server.blockmanagement.BlockManager: maxReplication             = 512
2016-04-25 21:15:04,849 INFO org.apache.hadoop.hdfs.server.blockmanagement.BlockManager: minReplication             = 1
2016-04-25 21:15:04,849 INFO org.apache.hadoop.hdfs.server.blockmanagement.BlockManager: maxReplicationStreams      = 2
2016-04-25 21:15:04,849 INFO org.apache.hadoop.hdfs.server.blockmanagement.BlockManager: shouldCheckForEnoughRacks  = false
2016-04-25 21:15:04,850 INFO org.apache.hadoop.hdfs.server.blockmanagement.BlockManager: replicationRecheckInterval = 3000
2016-04-25 21:15:04,850 INFO org.apache.hadoop.hdfs.server.blockmanagement.BlockManager: encryptDataTransfer        = false
2016-04-25 21:15:04,850 INFO org.apache.hadoop.hdfs.server.blockmanagement.BlockManager: maxNumBlocksToLog          = 1000
2016-04-25 21:15:04,858 INFO org.apache.hadoop.hdfs.server.namenode.FSNamesystem: fsOwner             = hadoop (auth:SIMPLE)
2016-04-25 21:15:04,858 INFO org.apache.hadoop.hdfs.server.namenode.FSNamesystem: supergroup          = supergroup
2016-04-25 21:15:04,858 INFO org.apache.hadoop.hdfs.server.namenode.FSNamesystem: isPermissionEnabled = true
2016-04-25 21:15:04,858 INFO org.apache.hadoop.hdfs.server.namenode.FSNamesystem: HA Enabled: false
2016-04-25 21:15:04,860 INFO org.apache.hadoop.hdfs.server.namenode.FSNamesystem: Append Enabled: true
2016-04-25 21:15:04,939 INFO org.apache.hadoop.util.GSet: Computing capacity for map INodeMap
2016-04-25 21:15:04,939 INFO org.apache.hadoop.util.GSet: VM type       = 64-bit
2016-04-25 21:15:04,939 INFO org.apache.hadoop.util.GSet: 1.0% max memory 889 MB = 8.9 MB
2016-04-25 21:15:04,939 INFO org.apache.hadoop.util.GSet: capacity      = 2^20 = 1048576 entries
2016-04-25 21:15:04,941 INFO org.apache.hadoop.hdfs.server.namenode.FSDirectory: ACLs enabled? false
2016-04-25 21:15:04,941 INFO org.apache.hadoop.hdfs.server.namenode.FSDirectory: XAttrs enabled? true
2016-04-25 21:15:04,941 INFO org.apache.hadoop.hdfs.server.namenode.FSDirectory: Maximum size of an xattr: 16384
2016-04-25 21:15:04,941 INFO org.apache.hadoop.hdfs.server.namenode.NameNode: Caching file names occuring more than 10 times
2016-04-25 21:15:04,950 INFO org.apache.hadoop.util.GSet: Computing capacity for map cachedBlocks
2016-04-25 21:15:04,950 INFO org.apache.hadoop.util.GSet: VM type       = 64-bit
2016-04-25 21:15:04,950 INFO org.apache.hadoop.util.GSet: 0.25% max memory 889 MB = 2.2 MB
2016-04-25 21:15:04,950 INFO org.apache.hadoop.util.GSet: capacity      = 2^18 = 262144 entries
2016-04-25 21:15:04,952 INFO org.apache.hadoop.hdfs.server.namenode.FSNamesystem: dfs.namenode.safemode.threshold-pct = 0.9990000128746033
2016-04-25 21:15:04,952 INFO org.apache.hadoop.hdfs.server.namenode.FSNamesystem: dfs.namenode.safemode.min.datanodes = 0
2016-04-25 21:15:04,952 INFO org.apache.hadoop.hdfs.server.namenode.FSNamesystem: dfs.namenode.safemode.extension     = 30000
2016-04-25 21:15:04,955 INFO org.apache.hadoop.hdfs.server.namenode.top.metrics.TopMetrics: NNTop conf: dfs.namenode.top.window.num.buckets = 10
2016-04-25 21:15:04,955 INFO org.apache.hadoop.hdfs.server.namenode.top.metrics.TopMetrics: NNTop conf: dfs.namenode.top.num.users = 10
2016-04-25 21:15:04,955 INFO org.apache.hadoop.hdfs.server.namenode.top.metrics.TopMetrics: NNTop conf: dfs.namenode.top.windows.minutes = 1,5,25
2016-04-25 21:15:04,957 INFO org.apache.hadoop.hdfs.server.namenode.FSNamesystem: Retry cache on namenode is enabled
2016-04-25 21:15:04,957 INFO org.apache.hadoop.hdfs.server.namenode.FSNamesystem: Retry cache will use 0.03 of total heap and retry cache entry expiry time is 600000 millis
2016-04-25 21:15:04,960 INFO org.apache.hadoop.util.GSet: Computing capacity for map NameNodeRetryCache
2016-04-25 21:15:04,961 INFO org.apache.hadoop.util.GSet: VM type       = 64-bit
2016-04-25 21:15:04,961 INFO org.apache.hadoop.util.GSet: 0.029999999329447746% max memory 889 MB = 273.1 KB
2016-04-25 21:15:04,961 INFO org.apache.hadoop.util.GSet: capacity      = 2^15 = 32768 entries
2016-04-25 21:15:05,006 INFO org.apache.hadoop.hdfs.server.common.Storage: Lock on /home/hadoop/hadoop_store/hdfs/namenode/in_use.lock acquired by nodename 3770@alexandrea-ThinkPad-X240
2016-04-25 21:15:05,096 INFO org.apache.hadoop.hdfs.server.namenode.FileJournalManager: Recovering unfinalized segments in /home/hadoop/hadoop_store/hdfs/namenode/current
2016-04-25 21:15:05,096 INFO org.apache.hadoop.hdfs.server.namenode.FSImage: No edit log streams selected.
2016-04-25 21:15:05,151 INFO org.apache.hadoop.hdfs.server.namenode.FSImageFormatPBINode: Loading 1 INodes.
2016-04-25 21:15:05,192 INFO org.apache.hadoop.hdfs.server.namenode.FSImageFormatProtobuf: Loaded FSImage in 0 seconds.
2016-04-25 21:15:05,192 INFO org.apache.hadoop.hdfs.server.namenode.FSImage: Loaded image for txid 0 from /home/hadoop/hadoop_store/hdfs/namenode/current/fsimage_0000000000000000000
2016-04-25 21:15:05,203 INFO org.apache.hadoop.hdfs.server.namenode.FSNamesystem: Need to save fs image? false (staleImage=false, haEnabled=false, isRollingUpgrade=false)
2016-04-25 21:15:05,204 INFO org.apache.hadoop.hdfs.server.namenode.FSEditLog: Starting log segment at 1
2016-04-25 21:15:05,411 INFO org.apache.hadoop.hdfs.server.namenode.NameCache: initialized with 0 entries 0 lookups
2016-04-25 21:15:05,411 INFO org.apache.hadoop.hdfs.server.namenode.FSNamesystem: Finished loading FSImage in 444 msecs
2016-04-25 21:15:05,641 INFO org.apache.hadoop.hdfs.server.namenode.NameNode: RPC server is binding to localhost:9000
2016-04-25 21:15:05,649 INFO org.apache.hadoop.ipc.CallQueueManager: Using callQueue class java.util.concurrent.LinkedBlockingQueue
2016-04-25 21:15:05,662 INFO org.apache.hadoop.ipc.Server: Starting Socket Reader #1 for port 9000
2016-04-25 21:15:05,811 INFO org.apache.hadoop.hdfs.server.namenode.FSNamesystem: Registered FSNamesystemState MBean
2016-04-25 21:15:05,819 INFO org.apache.hadoop.hdfs.server.namenode.LeaseManager: Number of blocks under construction: 0
2016-04-25 21:15:05,819 INFO org.apache.hadoop.hdfs.server.namenode.LeaseManager: Number of blocks under construction: 0
2016-04-25 21:15:05,819 INFO org.apache.hadoop.hdfs.server.namenode.FSNamesystem: initializing replication queues
2016-04-25 21:15:05,819 INFO org.apache.hadoop.hdfs.StateChange: STATE* Leaving safe mode after 1 secs
2016-04-25 21:15:05,820 INFO org.apache.hadoop.hdfs.StateChange: STATE* Network topology has 0 racks and 0 datanodes
2016-04-25 21:15:05,820 INFO org.apache.hadoop.hdfs.StateChange: STATE* UnderReplicatedBlocks has 0 blocks
2016-04-25 21:15:05,828 INFO org.apache.hadoop.hdfs.server.blockmanagement.DatanodeDescriptor: Number of failed storage changes from 0 to 0
2016-04-25 21:15:05,845 INFO org.apache.hadoop.hdfs.server.blockmanagement.BlockManager: Total number of blocks            = 0
2016-04-25 21:15:05,845 INFO org.apache.hadoop.hdfs.server.blockmanagement.BlockManager: Number of invalid blocks          = 0
2016-04-25 21:15:05,845 INFO org.apache.hadoop.hdfs.server.blockmanagement.BlockManager: Number of under-replicated blocks = 0
2016-04-25 21:15:05,845 INFO org.apache.hadoop.hdfs.server.blockmanagement.BlockManager: Number of  over-replicated blocks = 0
2016-04-25 21:15:05,845 INFO org.apache.hadoop.hdfs.server.blockmanagement.BlockManager: Number of blocks being written    = 0
2016-04-25 21:15:05,845 INFO org.apache.hadoop.hdfs.StateChange: STATE* Replication Queue initialization scan for invalid, over- and under-replicated blocks completed in 26 msec
2016-04-25 21:15:05,887 INFO org.apache.hadoop.ipc.Server: IPC Server Responder: starting
2016-04-25 21:15:05,887 INFO org.apache.hadoop.ipc.Server: IPC Server listener on 9000: starting
2016-04-25 21:15:05,890 INFO org.apache.hadoop.hdfs.server.namenode.NameNode: NameNode RPC up at: localhost/127.0.0.1:9000
2016-04-25 21:15:05,890 INFO org.apache.hadoop.hdfs.server.namenode.FSNamesystem: Starting services required for active state
2016-04-25 21:15:05,894 INFO org.apache.hadoop.hdfs.server.blockmanagement.CacheReplicationMonitor: Starting CacheReplicationMonitor with interval 30000 milliseconds
2016-04-25 21:15:10,223 INFO org.apache.hadoop.hdfs.StateChange: BLOCK* registerDatanode: from DatanodeRegistration(127.0.0.1:50010, datanodeUuid=27db8e75-f15e-49ba-9991-2520713e9961, infoPort=50075, infoSecurePort=0, ipcPort=50020, storageInfo=lv=-56;cid=CID-c6138276-758b-4177-9613-f56c727bea3d;nsid=1430687428;c=0) storage 27db8e75-f15e-49ba-9991-2520713e9961
2016-04-25 21:15:10,224 INFO org.apache.hadoop.hdfs.server.blockmanagement.DatanodeDescriptor: Number of failed storage changes from 0 to 0
2016-04-25 21:15:10,225 INFO org.apache.hadoop.net.NetworkTopology: Adding a new node: /default-rack/127.0.0.1:50010
2016-04-25 21:15:10,324 INFO org.apache.hadoop.hdfs.server.blockmanagement.DatanodeDescriptor: Number of failed storage changes from 0 to 0
2016-04-25 21:15:10,324 INFO org.apache.hadoop.hdfs.server.blockmanagement.DatanodeDescriptor: Adding new storage ID DS-0c696c6e-0e3d-48ad-a63f-9736593fc3de for DN 127.0.0.1:50010
2016-04-25 21:15:10,373 INFO BlockStateChange: BLOCK* processReport: from storage DS-0c696c6e-0e3d-48ad-a63f-9736593fc3de node DatanodeRegistration(127.0.0.1:50010, datanodeUuid=27db8e75-f15e-49ba-9991-2520713e9961, infoPort=50075, infoSecurePort=0, ipcPort=50020, storageInfo=lv=-56;cid=CID-c6138276-758b-4177-9613-f56c727bea3d;nsid=1430687428;c=0), blocks: 0, hasStaleStorage: false, processing time: 2 msecs
2016-04-25 21:16:15,024 INFO org.apache.hadoop.hdfs.server.namenode.FSNamesystem: Roll Edit Log from 127.0.0.1
2016-04-25 21:16:15,024 INFO org.apache.hadoop.hdfs.server.namenode.FSEditLog: Rolling edit logs
2016-04-25 21:16:15,024 INFO org.apache.hadoop.hdfs.server.namenode.FSEditLog: Ending log segment 1
2016-04-25 21:16:15,024 INFO org.apache.hadoop.hdfs.server.namenode.FSEditLog: Number of transactions: 2 Total time for transactions(ms): 1 Number of transactions batched in Syncs: 0 Number of syncs: 2 SyncTimes(ms): 50 
2016-04-25 21:16:15,034 INFO org.apache.hadoop.hdfs.server.namenode.FSEditLog: Number of transactions: 2 Total time for transactions(ms): 1 Number of transactions batched in Syncs: 0 Number of syncs: 3 SyncTimes(ms): 60 
2016-04-25 21:16:15,036 INFO org.apache.hadoop.hdfs.server.namenode.FileJournalManager: Finalizing edits file /home/hadoop/hadoop_store/hdfs/namenode/current/edits_inprogress_0000000000000000001 -> /home/hadoop/hadoop_store/hdfs/namenode/current/edits_0000000000000000001-0000000000000000002
2016-04-25 21:16:15,038 INFO org.apache.hadoop.hdfs.server.namenode.FSEditLog: Starting log segment at 3
2016-04-25 21:16:16,750 INFO org.apache.hadoop.hdfs.server.namenode.TransferFsImage: Transfer took 0.04s at 0.00 KB/s
2016-04-25 21:16:16,750 INFO org.apache.hadoop.hdfs.server.namenode.TransferFsImage: Downloaded file fsimage.ckpt_0000000000000000002 size 353 bytes.
2016-04-25 21:16:16,777 INFO org.apache.hadoop.hdfs.server.namenode.NNStorageRetentionManager: Going to retain 2 images with txid >= 0
2016-04-25 22:16:17,252 INFO org.apache.hadoop.hdfs.server.namenode.FSNamesystem: Roll Edit Log from 127.0.0.1
2016-04-25 22:16:17,270 INFO org.apache.hadoop.hdfs.server.namenode.FSEditLog: Rolling edit logs
2016-04-25 22:16:17,270 INFO org.apache.hadoop.hdfs.server.namenode.FSEditLog: Ending log segment 3
2016-04-25 22:16:17,270 INFO org.apache.hadoop.hdfs.server.namenode.FSEditLog: Number of transactions: 2 Total time for transactions(ms): 1 Number of transactions batched in Syncs: 0 Number of syncs: 2 SyncTimes(ms): 51 
2016-04-25 22:16:17,299 INFO org.apache.hadoop.hdfs.server.namenode.FSEditLog: Number of transactions: 2 Total time for transactions(ms): 1 Number of transactions batched in Syncs: 0 Number of syncs: 3 SyncTimes(ms): 79 
2016-04-25 22:16:17,300 INFO org.apache.hadoop.hdfs.server.namenode.FileJournalManager: Finalizing edits file /home/hadoop/hadoop_store/hdfs/namenode/current/edits_inprogress_0000000000000000003 -> /home/hadoop/hadoop_store/hdfs/namenode/current/edits_0000000000000000003-0000000000000000004
2016-04-25 22:16:17,325 INFO org.apache.hadoop.hdfs.server.namenode.FSEditLog: Starting log segment at 5
2016-04-25 22:16:17,687 INFO org.apache.hadoop.hdfs.server.namenode.TransferFsImage: Transfer took 0.04s at 0.00 KB/s
2016-04-25 22:16:17,687 INFO org.apache.hadoop.hdfs.server.namenode.TransferFsImage: Downloaded file fsimage.ckpt_0000000000000000004 size 353 bytes.
2016-04-25 22:16:17,713 INFO org.apache.hadoop.hdfs.server.namenode.NNStorageRetentionManager: Going to retain 2 images with txid >= 2
2016-04-25 22:16:17,713 INFO org.apache.hadoop.hdfs.server.namenode.NNStorageRetentionManager: Purging old image FSImageFile(file=/home/hadoop/hadoop_store/hdfs/namenode/current/fsimage_0000000000000000000, cpktTxId=0000000000000000000)
